2020-10-19 11:35:31.749 [main] DEBUG com.spoto.BootApplication - Running with Spring Boot v2.2.10.RELEASE, Spring v5.2.9.RELEASE
2020-10-19 11:36:44.293 [http-nio-8888-exec-8] DEBUG com.spoto.dao.EmpMapper.newLogin - ==>  Preparing: SELECT count(*) FROM account WHERE username= ? AND passwd=?
2020-10-19 11:36:44.579 [http-nio-8888-exec-8] DEBUG com.spoto.dao.EmpMapper.newLogin - ==> Parameters: xx(String), 123(String)
2020-10-19 11:36:44.727 [http-nio-8888-exec-8] DEBUG com.spoto.dao.EmpMapper.newLogin - <==      Total: 1
2020-10-19 11:36:46.265 [http-nio-8888-exec-4] DEBUG com.spoto.dao.EmpMapper.listCount - ==>  Preparing: SELECT count(*) FROM emp t1
2020-10-19 11:36:46.268 [http-nio-8888-exec-4] DEBUG com.spoto.dao.EmpMapper.listCount - ==> Parameters: 
2020-10-19 11:36:46.269 [http-nio-8888-exec-4] DEBUG com.spoto.dao.EmpMapper.listCount - <==      Total: 1
2020-10-19 11:36:46.270 [http-nio-8888-exec-4] DEBUG com.spoto.dao.EmpMapper.getList - ==>  Preparing: SELECT * FROM emp t1
2020-10-19 11:36:46.270 [http-nio-8888-exec-4] DEBUG com.spoto.dao.EmpMapper.getList - ==> Parameters: 
2020-10-19 11:37:08.943 [http-nio-8888-exec-9] DEBUG com.spoto.dao.EmpMapper.newLogin - ==>  Preparing: SELECT count(*) FROM account WHERE username= ? AND passwd=?
2020-10-19 11:37:08.943 [http-nio-8888-exec-9] DEBUG com.spoto.dao.EmpMapper.newLogin - ==> Parameters: 大牛(String), 666(String)
2020-10-19 11:37:08.944 [http-nio-8888-exec-9] DEBUG com.spoto.dao.EmpMapper.newLogin - <==      Total: 1
2020-10-19 11:37:10.085 [http-nio-8888-exec-6] DEBUG com.spoto.dao.EmpMapper.listCount - ==>  Preparing: SELECT count(*) FROM emp t1
2020-10-19 11:37:10.085 [http-nio-8888-exec-6] DEBUG com.spoto.dao.EmpMapper.listCount - ==> Parameters: 
2020-10-19 11:37:10.086 [http-nio-8888-exec-6] DEBUG com.spoto.dao.EmpMapper.listCount - <==      Total: 1
2020-10-19 11:37:10.088 [http-nio-8888-exec-6] DEBUG com.spoto.dao.EmpMapper.getList - ==>  Preparing: SELECT * FROM emp t1
2020-10-19 11:37:10.088 [http-nio-8888-exec-6] DEBUG com.spoto.dao.EmpMapper.getList - ==> Parameters: 
2020-10-19 11:42:55.756 [main] DEBUG com.spoto.BootApplication - Running with Spring Boot v2.2.10.RELEASE, Spring v5.2.9.RELEASE
2020-10-19 11:43:37.992 [http-nio-8888-exec-6] DEBUG com.spoto.dao.EmpMapper.newLogin - ==>  Preparing: SELECT count(*) FROM account WHERE username= ? AND passwd=?
2020-10-19 11:43:38.183 [http-nio-8888-exec-6] DEBUG com.spoto.dao.EmpMapper.newLogin - ==> Parameters: xx(String), 123(String)
2020-10-19 11:43:38.208 [http-nio-8888-exec-6] DEBUG com.spoto.dao.EmpMapper.newLogin - <==      Total: 1
2020-10-19 11:43:39.113 [http-nio-8888-exec-4] DEBUG com.spoto.dao.EmpMapper.listCount - ==>  Preparing: SELECT count(*) FROM emp t1
2020-10-19 11:43:39.114 [http-nio-8888-exec-4] DEBUG com.spoto.dao.EmpMapper.listCount - ==> Parameters: 
2020-10-19 11:43:39.115 [http-nio-8888-exec-4] DEBUG com.spoto.dao.EmpMapper.listCount - <==      Total: 1
2020-10-19 11:43:39.116 [http-nio-8888-exec-4] DEBUG com.spoto.dao.EmpMapper.getList - ==>  Preparing: SELECT * FROM emp t1
2020-10-19 11:43:39.117 [http-nio-8888-exec-4] DEBUG com.spoto.dao.EmpMapper.getList - ==> Parameters: 
2020-10-19 22:57:57.223 [main] DEBUG com.spoto.BootApplication - Running with Spring Boot v2.2.10.RELEASE, Spring v5.2.9.RELEASE
2020-10-19 22:59:11.366 [http-nio-8888-exec-3] DEBUG com.spoto.dao.EmpMapper.newLogin - ==>  Preparing: SELECT count(*) FROM account WHERE username= ? AND passwd=?
2020-10-19 22:59:11.868 [http-nio-8888-exec-3] DEBUG com.spoto.dao.EmpMapper.newLogin - ==> Parameters: 大牛(String), 666(String)
2020-10-19 22:59:12.118 [http-nio-8888-exec-3] DEBUG com.spoto.dao.EmpMapper.newLogin - <==      Total: 1
2020-10-19 22:59:16.711 [http-nio-8888-exec-2] DEBUG com.spoto.dao.EmpMapper.listCount - ==>  Preparing: SELECT count(*) FROM emp t1
2020-10-19 22:59:16.880 [http-nio-8888-exec-2] DEBUG com.spoto.dao.EmpMapper.listCount - ==> Parameters: 
2020-10-19 22:59:16.960 [http-nio-8888-exec-2] DEBUG com.spoto.dao.EmpMapper.listCount - <==      Total: 1
2020-10-19 22:59:17.021 [http-nio-8888-exec-2] DEBUG com.spoto.dao.EmpMapper.getList - ==>  Preparing: SELECT * FROM emp t1
2020-10-19 22:59:17.022 [http-nio-8888-exec-2] DEBUG com.spoto.dao.EmpMapper.getList - ==> Parameters: 
2020-10-19 22:59:34.870 [http-nio-8888-exec-7] DEBUG com.spoto.dao.EmpMapper.newLogin - ==>  Preparing: SELECT count(*) FROM account WHERE username= ? AND passwd=?
2020-10-19 22:59:34.871 [http-nio-8888-exec-7] DEBUG com.spoto.dao.EmpMapper.newLogin - ==> Parameters: xx(String), 123(String)
2020-10-19 22:59:34.872 [http-nio-8888-exec-7] DEBUG com.spoto.dao.EmpMapper.newLogin - <==      Total: 1
2020-10-19 22:59:36.137 [http-nio-8888-exec-10] DEBUG com.spoto.dao.EmpMapper.listCount - ==>  Preparing: SELECT count(*) FROM emp t1
2020-10-19 22:59:36.138 [http-nio-8888-exec-10] DEBUG com.spoto.dao.EmpMapper.listCount - ==> Parameters: 
2020-10-19 22:59:36.140 [http-nio-8888-exec-10] DEBUG com.spoto.dao.EmpMapper.listCount - <==      Total: 1
2020-10-19 22:59:36.141 [http-nio-8888-exec-10] DEBUG com.spoto.dao.EmpMapper.getList - ==>  Preparing: SELECT * FROM emp t1
2020-10-19 22:59:36.141 [http-nio-8888-exec-10] DEBUG com.spoto.dao.EmpMapper.getList - ==> Parameters: 
2020-10-19 23:00:18.994 [http-nio-8888-exec-5] DEBUG com.spoto.dao.EmpMapper.newLogin - ==>  Preparing: SELECT count(*) FROM account WHERE username= ? AND passwd=?
2020-10-19 23:00:18.994 [http-nio-8888-exec-5] DEBUG com.spoto.dao.EmpMapper.newLogin - ==> Parameters: 10(String), 10(String)
2020-10-19 23:00:18.995 [http-nio-8888-exec-5] DEBUG com.spoto.dao.EmpMapper.newLogin - <==      Total: 1
2020-10-19 23:00:20.845 [http-nio-8888-exec-7] DEBUG com.spoto.dao.EmpMapper.listCount - ==>  Preparing: SELECT count(*) FROM emp t1
2020-10-19 23:00:20.845 [http-nio-8888-exec-7] DEBUG com.spoto.dao.EmpMapper.listCount - ==> Parameters: 
2020-10-19 23:00:20.847 [http-nio-8888-exec-7] DEBUG com.spoto.dao.EmpMapper.listCount - <==      Total: 1
2020-10-19 23:00:20.849 [http-nio-8888-exec-7] DEBUG com.spoto.dao.EmpMapper.getList - ==>  Preparing: SELECT * FROM emp t1
2020-10-19 23:00:20.849 [http-nio-8888-exec-7] DEBUG com.spoto.dao.EmpMapper.getList - ==> Parameters: 
