2020-10-23 08:21:31.854 [main] DEBUG com.spoto.BootApplication - Running with Spring Boot v2.2.10.RELEASE, Spring v5.2.9.RELEASE
2020-10-23 08:22:23.116 [http-nio-8888-exec-2] DEBUG com.spoto.dao.EmpMapper.newLogin - ==>  Preparing: SELECT count(*) FROM account WHERE username= ? AND passwd=?
2020-10-23 08:22:23.443 [http-nio-8888-exec-2] DEBUG com.spoto.dao.EmpMapper.newLogin - ==> Parameters: xx(String), 123(String)
2020-10-23 08:22:23.525 [http-nio-8888-exec-2] DEBUG com.spoto.dao.EmpMapper.newLogin - <==      Total: 1
2020-10-23 08:22:24.669 [http-nio-8888-exec-6] DEBUG com.spoto.dao.EmpMapper.listCount - ==>  Preparing: SELECT count(*) FROM emp t1
2020-10-23 08:22:24.671 [http-nio-8888-exec-6] DEBUG com.spoto.dao.EmpMapper.listCount - ==> Parameters: 
2020-10-23 08:22:24.672 [http-nio-8888-exec-6] DEBUG com.spoto.dao.EmpMapper.listCount - <==      Total: 1
2020-10-23 08:22:24.674 [http-nio-8888-exec-6] DEBUG com.spoto.dao.EmpMapper.getList - ==>  Preparing: SELECT * FROM emp t1
2020-10-23 08:22:24.675 [http-nio-8888-exec-6] DEBUG com.spoto.dao.EmpMapper.getList - ==> Parameters: 
2020-10-23 08:24:19.284 [main] DEBUG com.spoto.BootApplication - Running with Spring Boot v2.2.10.RELEASE, Spring v5.2.9.RELEASE
2020-10-23 08:25:23.940 [main] DEBUG com.spoto.BootApplication - Running with Spring Boot v2.2.10.RELEASE, Spring v5.2.9.RELEASE
2020-10-23 08:25:56.837 [http-nio-8888-exec-7] DEBUG com.spoto.dao.EmpMapper.newLogin - ==>  Preparing: SELECT count(*) FROM account WHERE username= ? AND passwd=?
2020-10-23 08:25:56.999 [http-nio-8888-exec-7] DEBUG com.spoto.dao.EmpMapper.newLogin - ==> Parameters: xx(String), 123(String)
2020-10-23 08:25:57.019 [http-nio-8888-exec-7] DEBUG com.spoto.dao.EmpMapper.newLogin - <==      Total: 1
2020-10-23 08:26:00.151 [http-nio-8888-exec-10] DEBUG com.spoto.dao.EmpMapper.listCount - ==>  Preparing: SELECT count(*) FROM emp t1
2020-10-23 08:26:00.153 [http-nio-8888-exec-10] DEBUG com.spoto.dao.EmpMapper.listCount - ==> Parameters: 
2020-10-23 08:26:00.154 [http-nio-8888-exec-10] DEBUG com.spoto.dao.EmpMapper.listCount - <==      Total: 1
2020-10-23 08:26:00.155 [http-nio-8888-exec-10] DEBUG com.spoto.dao.EmpMapper.getList - ==>  Preparing: SELECT * FROM emp t1
2020-10-23 08:26:00.156 [http-nio-8888-exec-10] DEBUG com.spoto.dao.EmpMapper.getList - ==> Parameters: 
2020-10-23 08:26:10.244 [http-nio-8888-exec-1] DEBUG com.spoto.dao.EmpMapper.newLogin - ==>  Preparing: SELECT count(*) FROM account WHERE username= ? AND passwd=?
2020-10-23 08:26:10.245 [http-nio-8888-exec-1] DEBUG com.spoto.dao.EmpMapper.newLogin - ==> Parameters: xx(String), qee(String)
2020-10-23 08:26:10.246 [http-nio-8888-exec-1] DEBUG com.spoto.dao.EmpMapper.newLogin - <==      Total: 1
2020-10-23 08:26:15.189 [http-nio-8888-exec-3] DEBUG com.spoto.dao.EmpMapper.newLogin - ==>  Preparing: SELECT count(*) FROM account WHERE username= ? AND passwd=?
2020-10-23 08:26:15.189 [http-nio-8888-exec-3] DEBUG com.spoto.dao.EmpMapper.newLogin - ==> Parameters: xx(String), 123(String)
2020-10-23 08:26:15.190 [http-nio-8888-exec-3] DEBUG com.spoto.dao.EmpMapper.newLogin - <==      Total: 1
2020-10-23 08:26:17.943 [http-nio-8888-exec-6] DEBUG com.spoto.dao.EmpMapper.listCount - ==>  Preparing: SELECT count(*) FROM emp t1
2020-10-23 08:26:17.943 [http-nio-8888-exec-6] DEBUG com.spoto.dao.EmpMapper.listCount - ==> Parameters: 
2020-10-23 08:26:17.944 [http-nio-8888-exec-6] DEBUG com.spoto.dao.EmpMapper.listCount - <==      Total: 1
2020-10-23 08:26:17.945 [http-nio-8888-exec-6] DEBUG com.spoto.dao.EmpMapper.getList - ==>  Preparing: SELECT * FROM emp t1
2020-10-23 08:26:17.945 [http-nio-8888-exec-6] DEBUG com.spoto.dao.EmpMapper.getList - ==> Parameters: 
2020-10-23 08:26:28.613 [http-nio-8888-exec-8] DEBUG com.spoto.dao.EmpMapper.newLogin - ==>  Preparing: SELECT count(*) FROM account WHERE username= ? AND passwd=?
2020-10-23 08:26:28.614 [http-nio-8888-exec-8] DEBUG com.spoto.dao.EmpMapper.newLogin - ==> Parameters: 大牛(String), 666(String)
2020-10-23 08:26:28.614 [http-nio-8888-exec-8] DEBUG com.spoto.dao.EmpMapper.newLogin - <==      Total: 1
2020-10-23 08:26:30.745 [http-nio-8888-exec-4] DEBUG com.spoto.dao.EmpMapper.listCount - ==>  Preparing: SELECT count(*) FROM emp t1
2020-10-23 08:26:30.745 [http-nio-8888-exec-4] DEBUG com.spoto.dao.EmpMapper.listCount - ==> Parameters: 
2020-10-23 08:26:30.747 [http-nio-8888-exec-4] DEBUG com.spoto.dao.EmpMapper.listCount - <==      Total: 1
2020-10-23 08:26:30.748 [http-nio-8888-exec-4] DEBUG com.spoto.dao.EmpMapper.getList - ==>  Preparing: SELECT * FROM emp t1
2020-10-23 08:26:30.748 [http-nio-8888-exec-4] DEBUG com.spoto.dao.EmpMapper.getList - ==> Parameters: 
2020-10-23 08:26:54.858 [main] DEBUG com.spoto.BootApplication - Running with Spring Boot v2.2.10.RELEASE, Spring v5.2.9.RELEASE
2020-10-23 08:27:31.631 [http-nio-8888-exec-3] DEBUG com.spoto.dao.EmpMapper.newLogin - ==>  Preparing: SELECT count(*) FROM account WHERE username= ? AND passwd=?
2020-10-23 08:27:31.811 [http-nio-8888-exec-3] DEBUG com.spoto.dao.EmpMapper.newLogin - ==> Parameters: xx(String), 123(String)
2020-10-23 08:27:31.838 [http-nio-8888-exec-3] DEBUG com.spoto.dao.EmpMapper.newLogin - <==      Total: 1
2020-10-23 08:27:34.022 [http-nio-8888-exec-10] DEBUG com.spoto.dao.EmpMapper.listCount - ==>  Preparing: SELECT count(*) FROM emp t1
2020-10-23 08:27:34.024 [http-nio-8888-exec-10] DEBUG com.spoto.dao.EmpMapper.listCount - ==> Parameters: 
2020-10-23 08:27:34.024 [http-nio-8888-exec-10] DEBUG com.spoto.dao.EmpMapper.listCount - <==      Total: 1
2020-10-23 08:27:34.025 [http-nio-8888-exec-10] DEBUG com.spoto.dao.EmpMapper.getList - ==>  Preparing: SELECT * FROM emp t1
2020-10-23 08:27:34.026 [http-nio-8888-exec-10] DEBUG com.spoto.dao.EmpMapper.getList - ==> Parameters: 
2020-10-23 08:27:42.877 [http-nio-8888-exec-4] DEBUG com.spoto.dao.EmpMapper.newLogin - ==>  Preparing: SELECT count(*) FROM account WHERE username= ? AND passwd=?
2020-10-23 08:27:42.877 [http-nio-8888-exec-4] DEBUG com.spoto.dao.EmpMapper.newLogin - ==> Parameters: 大牛(String), 666(String)
2020-10-23 08:27:42.878 [http-nio-8888-exec-4] DEBUG com.spoto.dao.EmpMapper.newLogin - <==      Total: 1
2020-10-23 08:27:45.810 [http-nio-8888-exec-1] DEBUG com.spoto.dao.EmpMapper.listCount - ==>  Preparing: SELECT count(*) FROM emp t1
2020-10-23 08:27:45.810 [http-nio-8888-exec-1] DEBUG com.spoto.dao.EmpMapper.listCount - ==> Parameters: 
2020-10-23 08:27:45.811 [http-nio-8888-exec-1] DEBUG com.spoto.dao.EmpMapper.listCount - <==      Total: 1
2020-10-23 08:27:45.812 [http-nio-8888-exec-1] DEBUG com.spoto.dao.EmpMapper.getList - ==>  Preparing: SELECT * FROM emp t1
2020-10-23 08:27:45.812 [http-nio-8888-exec-1] DEBUG com.spoto.dao.EmpMapper.getList - ==> Parameters: 
2020-10-23 08:29:01.618 [main] DEBUG com.spoto.BootApplication - Running with Spring Boot v2.2.10.RELEASE, Spring v5.2.9.RELEASE
2020-10-23 08:30:12.325 [http-nio-8888-exec-8] DEBUG com.spoto.dao.EmpMapper.newLogin - ==>  Preparing: SELECT count(*) FROM account WHERE username= ? AND passwd=?
2020-10-23 08:30:12.528 [http-nio-8888-exec-8] DEBUG com.spoto.dao.EmpMapper.newLogin - ==> Parameters: 大牛(String), 666(String)
2020-10-23 08:30:12.548 [http-nio-8888-exec-8] DEBUG com.spoto.dao.EmpMapper.newLogin - <==      Total: 1
2020-10-23 08:30:14.504 [http-nio-8888-exec-5] DEBUG com.spoto.dao.EmpMapper.listCount - ==>  Preparing: SELECT count(*) FROM emp t1
2020-10-23 08:30:14.507 [http-nio-8888-exec-5] DEBUG com.spoto.dao.EmpMapper.listCount - ==> Parameters: 
2020-10-23 08:30:14.507 [http-nio-8888-exec-5] DEBUG com.spoto.dao.EmpMapper.listCount - <==      Total: 1
2020-10-23 08:30:14.509 [http-nio-8888-exec-5] DEBUG com.spoto.dao.EmpMapper.getList - ==>  Preparing: SELECT * FROM emp t1
2020-10-23 08:30:14.509 [http-nio-8888-exec-5] DEBUG com.spoto.dao.EmpMapper.getList - ==> Parameters: 
2020-10-23 08:30:21.520 [http-nio-8888-exec-8] DEBUG com.spoto.dao.EmpMapper.newLogin - ==>  Preparing: SELECT count(*) FROM account WHERE username= ? AND passwd=?
2020-10-23 08:30:21.520 [http-nio-8888-exec-8] DEBUG com.spoto.dao.EmpMapper.newLogin - ==> Parameters: 大牛(String), 666(String)
2020-10-23 08:30:21.521 [http-nio-8888-exec-8] DEBUG com.spoto.dao.EmpMapper.newLogin - <==      Total: 1
2020-10-23 08:30:24.284 [http-nio-8888-exec-10] DEBUG com.spoto.dao.EmpMapper.listCount - ==>  Preparing: SELECT count(*) FROM emp t1
2020-10-23 08:30:24.284 [http-nio-8888-exec-10] DEBUG com.spoto.dao.EmpMapper.listCount - ==> Parameters: 
2020-10-23 08:30:24.285 [http-nio-8888-exec-10] DEBUG com.spoto.dao.EmpMapper.listCount - <==      Total: 1
2020-10-23 08:30:24.286 [http-nio-8888-exec-10] DEBUG com.spoto.dao.EmpMapper.getList - ==>  Preparing: SELECT * FROM emp t1
2020-10-23 08:30:24.286 [http-nio-8888-exec-10] DEBUG com.spoto.dao.EmpMapper.getList - ==> Parameters: 
2020-10-23 10:12:14.924 [main] DEBUG com.spoto.BootApplication - Running with Spring Boot v2.2.10.RELEASE, Spring v5.2.9.RELEASE
2020-10-23 11:32:27.760 [http-nio-8888-exec-1] DEBUG com.spoto.dao.EmpMapper.newLogin - ==>  Preparing: SELECT count(*) FROM account WHERE username= ? AND passwd=?
2020-10-23 11:32:28.029 [http-nio-8888-exec-1] DEBUG com.spoto.dao.EmpMapper.newLogin - ==> Parameters: xx(String), 123(String)
2020-10-23 11:32:28.052 [http-nio-8888-exec-1] DEBUG com.spoto.dao.EmpMapper.newLogin - <==      Total: 1
2020-10-23 11:32:30.174 [http-nio-8888-exec-9] DEBUG com.spoto.dao.EmpMapper.listCount - ==>  Preparing: SELECT count(*) FROM emp t1
2020-10-23 11:32:30.176 [http-nio-8888-exec-9] DEBUG com.spoto.dao.EmpMapper.listCount - ==> Parameters: 
2020-10-23 11:32:30.177 [http-nio-8888-exec-9] DEBUG com.spoto.dao.EmpMapper.listCount - <==      Total: 1
2020-10-23 11:32:30.178 [http-nio-8888-exec-9] DEBUG com.spoto.dao.EmpMapper.getList - ==>  Preparing: SELECT * FROM emp t1
2020-10-23 11:32:30.178 [http-nio-8888-exec-9] DEBUG com.spoto.dao.EmpMapper.getList - ==> Parameters: 
2020-10-23 16:41:11.503 [main] DEBUG com.spoto.BootApplication - Running with Spring Boot v2.2.10.RELEASE, Spring v5.2.9.RELEASE
2020-10-23 16:41:34.036 [http-nio-8888-exec-2] DEBUG com.spoto.dao.EmpMapper.newLogin - ==>  Preparing: SELECT count(*) FROM account WHERE username= ? AND passwd=?
2020-10-23 16:41:34.273 [http-nio-8888-exec-2] DEBUG com.spoto.dao.EmpMapper.newLogin - ==> Parameters: xx(String), 123(String)
2020-10-23 16:41:34.294 [http-nio-8888-exec-2] DEBUG com.spoto.dao.EmpMapper.newLogin - <==      Total: 1
2020-10-23 16:41:35.215 [http-nio-8888-exec-6] DEBUG com.spoto.dao.EmpMapper.listCount - ==>  Preparing: SELECT count(*) FROM emp t1
2020-10-23 16:41:35.218 [http-nio-8888-exec-6] DEBUG com.spoto.dao.EmpMapper.listCount - ==> Parameters: 
2020-10-23 16:41:35.219 [http-nio-8888-exec-6] DEBUG com.spoto.dao.EmpMapper.listCount - <==      Total: 1
2020-10-23 16:41:35.221 [http-nio-8888-exec-6] DEBUG com.spoto.dao.EmpMapper.getList - ==>  Preparing: SELECT * FROM emp t1
2020-10-23 16:41:35.221 [http-nio-8888-exec-6] DEBUG com.spoto.dao.EmpMapper.getList - ==> Parameters: 
2020-10-23 16:41:36.777 [http-nio-8888-exec-8] DEBUG com.spoto.dao.EmpMapper.listCount - ==>  Preparing: SELECT count(*) FROM emp t1
2020-10-23 16:41:36.777 [http-nio-8888-exec-8] DEBUG com.spoto.dao.EmpMapper.listCount - ==> Parameters: 
2020-10-23 16:41:36.779 [http-nio-8888-exec-8] DEBUG com.spoto.dao.EmpMapper.listCount - <==      Total: 1
2020-10-23 16:41:36.780 [http-nio-8888-exec-8] DEBUG com.spoto.dao.EmpMapper.getList - ==>  Preparing: SELECT * FROM emp t1
2020-10-23 16:41:36.780 [http-nio-8888-exec-8] DEBUG com.spoto.dao.EmpMapper.getList - ==> Parameters: 
2020-10-23 16:41:37.305 [http-nio-8888-exec-9] DEBUG com.spoto.dao.EmpMapper.listCount - ==>  Preparing: SELECT count(*) FROM emp t1
2020-10-23 16:41:37.305 [http-nio-8888-exec-9] DEBUG com.spoto.dao.EmpMapper.listCount - ==> Parameters: 
2020-10-23 16:41:37.307 [http-nio-8888-exec-9] DEBUG com.spoto.dao.EmpMapper.listCount - <==      Total: 1
2020-10-23 16:41:37.307 [http-nio-8888-exec-9] DEBUG com.spoto.dao.EmpMapper.getList - ==>  Preparing: SELECT * FROM emp t1
2020-10-23 16:41:37.307 [http-nio-8888-exec-9] DEBUG com.spoto.dao.EmpMapper.getList - ==> Parameters: 
2020-10-23 16:41:37.811 [http-nio-8888-exec-10] DEBUG com.spoto.dao.EmpMapper.listCount - ==>  Preparing: SELECT count(*) FROM emp t1
2020-10-23 16:41:37.811 [http-nio-8888-exec-10] DEBUG com.spoto.dao.EmpMapper.listCount - ==> Parameters: 
2020-10-23 16:41:37.812 [http-nio-8888-exec-10] DEBUG com.spoto.dao.EmpMapper.listCount - <==      Total: 1
2020-10-23 16:41:37.812 [http-nio-8888-exec-10] DEBUG com.spoto.dao.EmpMapper.getList - ==>  Preparing: SELECT * FROM emp t1
2020-10-23 16:41:37.812 [http-nio-8888-exec-10] DEBUG com.spoto.dao.EmpMapper.getList - ==> Parameters: 
2020-10-23 16:41:37.816 [http-nio-8888-exec-10] DEBUG com.spoto.dao.EmpMapper.getList - <==      Total: 16
2020-10-23 16:41:41.673 [http-nio-8888-exec-1] DEBUG com.spoto.dao.EmpMapper.listCount - ==>  Preparing: SELECT count(*) FROM emp t1
2020-10-23 16:41:41.673 [http-nio-8888-exec-1] DEBUG com.spoto.dao.EmpMapper.listCount - ==> Parameters: 
2020-10-23 16:41:41.674 [http-nio-8888-exec-1] DEBUG com.spoto.dao.EmpMapper.listCount - <==      Total: 1
2020-10-23 16:41:41.675 [http-nio-8888-exec-1] DEBUG com.spoto.dao.EmpMapper.getList - ==>  Preparing: SELECT * FROM emp t1
2020-10-23 16:41:41.675 [http-nio-8888-exec-1] DEBUG com.spoto.dao.EmpMapper.getList - ==> Parameters: 
2020-10-23 16:41:42.609 [http-nio-8888-exec-4] DEBUG com.spoto.dao.EmpMapper.listCount - ==>  Preparing: SELECT count(*) FROM emp t1
2020-10-23 16:41:42.609 [http-nio-8888-exec-4] DEBUG com.spoto.dao.EmpMapper.listCount - ==> Parameters: 
2020-10-23 16:41:42.610 [http-nio-8888-exec-4] DEBUG com.spoto.dao.EmpMapper.listCount - <==      Total: 1
2020-10-23 16:41:42.610 [http-nio-8888-exec-4] DEBUG com.spoto.dao.EmpMapper.getList - ==>  Preparing: SELECT * FROM emp t1
2020-10-23 16:41:42.610 [http-nio-8888-exec-4] DEBUG com.spoto.dao.EmpMapper.getList - ==> Parameters: 
2020-10-23 16:41:46.798 [http-nio-8888-exec-3] DEBUG com.spoto.dao.EmpMapper.listCount - ==>  Preparing: SELECT count(*) FROM emp t1 WHERE t1.passwd_str LIKE CONCAT ('%',?,'%')
2020-10-23 16:41:46.801 [http-nio-8888-exec-3] DEBUG com.spoto.dao.EmpMapper.listCount - ==> Parameters: 666(String)
2020-10-23 16:41:47.070 [http-nio-8888-exec-3] DEBUG com.spoto.dao.EmpMapper.listCount - <==      Total: 1
2020-10-23 16:41:47.072 [http-nio-8888-exec-3] DEBUG com.spoto.dao.EmpMapper.getList - ==>  Preparing: SELECT * FROM emp t1 WHERE t1.passwd_str LIKE CONCAT ('%',?,'%')
2020-10-23 16:41:47.073 [http-nio-8888-exec-3] DEBUG com.spoto.dao.EmpMapper.getList - ==> Parameters: 666(String)
2020-10-23 16:41:47.077 [http-nio-8888-exec-3] DEBUG com.spoto.dao.EmpMapper.getList - <==      Total: 2
2020-10-23 16:41:50.508 [http-nio-8888-exec-2] DEBUG com.spoto.dao.EmpMapper.listCount - ==>  Preparing: SELECT count(*) FROM emp t1 WHERE t1.username LIKE CONCAT ('%',?,'%') AND t1.passwd_str LIKE CONCAT ('%',?,'%')
2020-10-23 16:41:50.509 [http-nio-8888-exec-2] DEBUG com.spoto.dao.EmpMapper.listCount - ==> Parameters: 666(String), 666(String)
2020-10-23 16:41:50.511 [http-nio-8888-exec-2] DEBUG com.spoto.dao.EmpMapper.listCount - <==      Total: 1
2020-10-23 16:41:50.513 [http-nio-8888-exec-2] DEBUG com.spoto.dao.EmpMapper.getList - ==>  Preparing: SELECT * FROM emp t1 WHERE t1.username LIKE CONCAT ('%',?,'%') AND t1.passwd_str LIKE CONCAT ('%',?,'%')
2020-10-23 16:41:50.514 [http-nio-8888-exec-2] DEBUG com.spoto.dao.EmpMapper.getList - ==> Parameters: 666(String), 666(String)
2020-10-23 16:41:50.515 [http-nio-8888-exec-2] DEBUG com.spoto.dao.EmpMapper.getList - <==      Total: 1
2020-10-23 16:41:55.749 [http-nio-8888-exec-5] DEBUG com.spoto.dao.EmpMapper.listCount - ==>  Preparing: SELECT count(*) FROM emp t1 WHERE t1.username LIKE CONCAT ('%',?,'%') AND t1.passwd_str LIKE CONCAT ('%',?,'%')
2020-10-23 16:41:55.749 [http-nio-8888-exec-5] DEBUG com.spoto.dao.EmpMapper.listCount - ==> Parameters: 666(String), 666(String)
2020-10-23 16:41:55.750 [http-nio-8888-exec-5] DEBUG com.spoto.dao.EmpMapper.listCount - <==      Total: 1
2020-10-23 16:41:55.750 [http-nio-8888-exec-5] DEBUG com.spoto.dao.EmpMapper.getList - ==>  Preparing: SELECT * FROM emp t1 WHERE t1.username LIKE CONCAT ('%',?,'%') AND t1.passwd_str LIKE CONCAT ('%',?,'%')
2020-10-23 16:41:55.751 [http-nio-8888-exec-5] DEBUG com.spoto.dao.EmpMapper.getList - ==> Parameters: 666(String), 666(String)
2020-10-23 16:41:55.752 [http-nio-8888-exec-5] DEBUG com.spoto.dao.EmpMapper.getList - <==      Total: 1
2020-10-23 16:41:57.995 [http-nio-8888-exec-7] DEBUG com.spoto.dao.EmpMapper.listCount - ==>  Preparing: SELECT count(*) FROM emp t1 WHERE t1.username LIKE CONCAT ('%',?,'%') AND t1.passwd_str LIKE CONCAT ('%',?,'%')
2020-10-23 16:41:57.995 [http-nio-8888-exec-7] DEBUG com.spoto.dao.EmpMapper.listCount - ==> Parameters: 666(String), 666(String)
2020-10-23 16:41:57.996 [http-nio-8888-exec-7] DEBUG com.spoto.dao.EmpMapper.listCount - <==      Total: 1
2020-10-23 16:41:57.997 [http-nio-8888-exec-7] DEBUG com.spoto.dao.EmpMapper.getList - ==>  Preparing: SELECT * FROM emp t1 WHERE t1.username LIKE CONCAT ('%',?,'%') AND t1.passwd_str LIKE CONCAT ('%',?,'%')
2020-10-23 16:41:57.997 [http-nio-8888-exec-7] DEBUG com.spoto.dao.EmpMapper.getList - ==> Parameters: 666(String), 666(String)
2020-10-23 16:41:57.998 [http-nio-8888-exec-7] DEBUG com.spoto.dao.EmpMapper.getList - <==      Total: 1
2020-10-23 16:41:59.010 [http-nio-8888-exec-6] DEBUG com.spoto.dao.EmpMapper.listCount - ==>  Preparing: SELECT count(*) FROM emp t1 WHERE t1.username LIKE CONCAT ('%',?,'%') AND t1.passwd_str LIKE CONCAT ('%',?,'%')
2020-10-23 16:41:59.011 [http-nio-8888-exec-6] DEBUG com.spoto.dao.EmpMapper.listCount - ==> Parameters: 666(String), 666(String)
2020-10-23 16:41:59.011 [http-nio-8888-exec-6] DEBUG com.spoto.dao.EmpMapper.listCount - <==      Total: 1
2020-10-23 16:41:59.012 [http-nio-8888-exec-6] DEBUG com.spoto.dao.EmpMapper.getList - ==>  Preparing: SELECT * FROM emp t1 WHERE t1.username LIKE CONCAT ('%',?,'%') AND t1.passwd_str LIKE CONCAT ('%',?,'%')
2020-10-23 16:41:59.012 [http-nio-8888-exec-6] DEBUG com.spoto.dao.EmpMapper.getList - ==> Parameters: 666(String), 666(String)
2020-10-23 16:41:59.013 [http-nio-8888-exec-6] DEBUG com.spoto.dao.EmpMapper.getList - <==      Total: 1
2020-10-23 16:42:00.472 [http-nio-8888-exec-8] DEBUG com.spoto.dao.EmpMapper.listCount - ==>  Preparing: SELECT count(*) FROM emp t1 WHERE t1.username LIKE CONCAT ('%',?,'%') AND t1.passwd_str LIKE CONCAT ('%',?,'%')
2020-10-23 16:42:00.472 [http-nio-8888-exec-8] DEBUG com.spoto.dao.EmpMapper.listCount - ==> Parameters: 666(String), 666(String)
2020-10-23 16:42:00.473 [http-nio-8888-exec-8] DEBUG com.spoto.dao.EmpMapper.listCount - <==      Total: 1
2020-10-23 16:42:00.473 [http-nio-8888-exec-8] DEBUG com.spoto.dao.EmpMapper.getList - ==>  Preparing: SELECT * FROM emp t1 WHERE t1.username LIKE CONCAT ('%',?,'%') AND t1.passwd_str LIKE CONCAT ('%',?,'%')
2020-10-23 16:42:00.473 [http-nio-8888-exec-8] DEBUG com.spoto.dao.EmpMapper.getList - ==> Parameters: 666(String), 666(String)
2020-10-23 16:42:00.474 [http-nio-8888-exec-8] DEBUG com.spoto.dao.EmpMapper.getList - <==      Total: 1
2020-10-23 16:42:00.749 [http-nio-8888-exec-9] DEBUG com.spoto.dao.EmpMapper.listCount - ==>  Preparing: SELECT count(*) FROM emp t1 WHERE t1.username LIKE CONCAT ('%',?,'%') AND t1.passwd_str LIKE CONCAT ('%',?,'%')
2020-10-23 16:42:00.750 [http-nio-8888-exec-9] DEBUG com.spoto.dao.EmpMapper.listCount - ==> Parameters: 666(String), 666(String)
2020-10-23 16:42:00.751 [http-nio-8888-exec-9] DEBUG com.spoto.dao.EmpMapper.listCount - <==      Total: 1
2020-10-23 16:42:00.752 [http-nio-8888-exec-9] DEBUG com.spoto.dao.EmpMapper.getList - ==>  Preparing: SELECT * FROM emp t1 WHERE t1.username LIKE CONCAT ('%',?,'%') AND t1.passwd_str LIKE CONCAT ('%',?,'%')
2020-10-23 16:42:00.752 [http-nio-8888-exec-9] DEBUG com.spoto.dao.EmpMapper.getList - ==> Parameters: 666(String), 666(String)
2020-10-23 16:42:00.753 [http-nio-8888-exec-9] DEBUG com.spoto.dao.EmpMapper.getList - <==      Total: 1
2020-10-23 16:42:00.913 [http-nio-8888-exec-10] DEBUG com.spoto.dao.EmpMapper.listCount - ==>  Preparing: SELECT count(*) FROM emp t1 WHERE t1.username LIKE CONCAT ('%',?,'%') AND t1.passwd_str LIKE CONCAT ('%',?,'%')
2020-10-23 16:42:00.913 [http-nio-8888-exec-10] DEBUG com.spoto.dao.EmpMapper.listCount - ==> Parameters: 666(String), 666(String)
2020-10-23 16:42:00.914 [http-nio-8888-exec-10] DEBUG com.spoto.dao.EmpMapper.listCount - <==      Total: 1
2020-10-23 16:42:00.916 [http-nio-8888-exec-10] DEBUG com.spoto.dao.EmpMapper.getList - ==>  Preparing: SELECT * FROM emp t1 WHERE t1.username LIKE CONCAT ('%',?,'%') AND t1.passwd_str LIKE CONCAT ('%',?,'%')
2020-10-23 16:42:00.916 [http-nio-8888-exec-10] DEBUG com.spoto.dao.EmpMapper.getList - ==> Parameters: 666(String), 666(String)
2020-10-23 16:42:00.917 [http-nio-8888-exec-10] DEBUG com.spoto.dao.EmpMapper.getList - <==      Total: 1
2020-10-23 16:42:03.386 [http-nio-8888-exec-3] DEBUG com.spoto.dao.EmpMapper.listCount - ==>  Preparing: SELECT count(*) FROM emp t1
2020-10-23 16:42:03.386 [http-nio-8888-exec-3] DEBUG com.spoto.dao.EmpMapper.listCount - ==> Parameters: 
2020-10-23 16:42:03.387 [http-nio-8888-exec-3] DEBUG com.spoto.dao.EmpMapper.listCount - <==      Total: 1
2020-10-23 16:42:03.388 [http-nio-8888-exec-3] DEBUG com.spoto.dao.EmpMapper.getList - ==>  Preparing: SELECT * FROM emp t1
2020-10-23 16:42:03.388 [http-nio-8888-exec-3] DEBUG com.spoto.dao.EmpMapper.getList - ==> Parameters: 
2020-10-23 16:42:04.373 [http-nio-8888-exec-2] DEBUG com.spoto.dao.EmpMapper.listCount - ==>  Preparing: SELECT count(*) FROM emp t1
2020-10-23 16:42:04.373 [http-nio-8888-exec-2] DEBUG com.spoto.dao.EmpMapper.listCount - ==> Parameters: 
2020-10-23 16:42:04.374 [http-nio-8888-exec-2] DEBUG com.spoto.dao.EmpMapper.listCount - <==      Total: 1
2020-10-23 16:42:04.375 [http-nio-8888-exec-2] DEBUG com.spoto.dao.EmpMapper.getList - ==>  Preparing: SELECT * FROM emp t1
2020-10-23 16:42:04.375 [http-nio-8888-exec-2] DEBUG com.spoto.dao.EmpMapper.getList - ==> Parameters: 
2020-10-23 16:42:05.170 [http-nio-8888-exec-5] DEBUG com.spoto.dao.EmpMapper.listCount - ==>  Preparing: SELECT count(*) FROM emp t1
2020-10-23 16:42:05.170 [http-nio-8888-exec-5] DEBUG com.spoto.dao.EmpMapper.listCount - ==> Parameters: 
2020-10-23 16:42:05.171 [http-nio-8888-exec-5] DEBUG com.spoto.dao.EmpMapper.listCount - <==      Total: 1
2020-10-23 16:42:05.172 [http-nio-8888-exec-5] DEBUG com.spoto.dao.EmpMapper.getList - ==>  Preparing: SELECT * FROM emp t1
2020-10-23 16:42:05.172 [http-nio-8888-exec-5] DEBUG com.spoto.dao.EmpMapper.getList - ==> Parameters: 
2020-10-23 16:42:05.173 [http-nio-8888-exec-5] DEBUG com.spoto.dao.EmpMapper.getList - <==      Total: 16
2020-10-23 16:42:05.900 [http-nio-8888-exec-7] DEBUG com.spoto.dao.EmpMapper.listCount - ==>  Preparing: SELECT count(*) FROM emp t1
2020-10-23 16:42:05.900 [http-nio-8888-exec-7] DEBUG com.spoto.dao.EmpMapper.listCount - ==> Parameters: 
2020-10-23 16:42:05.900 [http-nio-8888-exec-7] DEBUG com.spoto.dao.EmpMapper.listCount - <==      Total: 1
2020-10-23 16:42:05.901 [http-nio-8888-exec-7] DEBUG com.spoto.dao.EmpMapper.getList - ==>  Preparing: SELECT * FROM emp t1
2020-10-23 16:42:05.901 [http-nio-8888-exec-7] DEBUG com.spoto.dao.EmpMapper.getList - ==> Parameters: 
2020-10-23 16:42:09.082 [http-nio-8888-exec-6] DEBUG com.spoto.dao.EmpMapper.listCount - ==>  Preparing: SELECT count(*) FROM emp t1
2020-10-23 16:42:09.082 [http-nio-8888-exec-6] DEBUG com.spoto.dao.EmpMapper.listCount - ==> Parameters: 
2020-10-23 16:42:09.083 [http-nio-8888-exec-6] DEBUG com.spoto.dao.EmpMapper.listCount - <==      Total: 1
2020-10-23 16:42:09.084 [http-nio-8888-exec-6] DEBUG com.spoto.dao.EmpMapper.getList - ==>  Preparing: SELECT * FROM emp t1
2020-10-23 16:42:09.084 [http-nio-8888-exec-6] DEBUG com.spoto.dao.EmpMapper.getList - ==> Parameters: 
2020-10-23 16:42:09.521 [http-nio-8888-exec-8] DEBUG com.spoto.dao.EmpMapper.listCount - ==>  Preparing: SELECT count(*) FROM emp t1
2020-10-23 16:42:09.521 [http-nio-8888-exec-8] DEBUG com.spoto.dao.EmpMapper.listCount - ==> Parameters: 
2020-10-23 16:42:09.521 [http-nio-8888-exec-8] DEBUG com.spoto.dao.EmpMapper.listCount - <==      Total: 1
2020-10-23 16:42:09.522 [http-nio-8888-exec-8] DEBUG com.spoto.dao.EmpMapper.getList - ==>  Preparing: SELECT * FROM emp t1
2020-10-23 16:42:09.522 [http-nio-8888-exec-8] DEBUG com.spoto.dao.EmpMapper.getList - ==> Parameters: 
2020-10-23 16:42:09.689 [http-nio-8888-exec-9] DEBUG com.spoto.dao.EmpMapper.listCount - ==>  Preparing: SELECT count(*) FROM emp t1
2020-10-23 16:42:09.690 [http-nio-8888-exec-9] DEBUG com.spoto.dao.EmpMapper.listCount - ==> Parameters: 
2020-10-23 16:42:09.690 [http-nio-8888-exec-9] DEBUG com.spoto.dao.EmpMapper.listCount - <==      Total: 1
2020-10-23 16:42:09.690 [http-nio-8888-exec-9] DEBUG com.spoto.dao.EmpMapper.getList - ==>  Preparing: SELECT * FROM emp t1
2020-10-23 16:42:09.690 [http-nio-8888-exec-9] DEBUG com.spoto.dao.EmpMapper.getList - ==> Parameters: 
2020-10-23 16:42:09.834 [http-nio-8888-exec-10] DEBUG com.spoto.dao.EmpMapper.listCount - ==>  Preparing: SELECT count(*) FROM emp t1
2020-10-23 16:42:09.835 [http-nio-8888-exec-10] DEBUG com.spoto.dao.EmpMapper.listCount - ==> Parameters: 
2020-10-23 16:42:09.835 [http-nio-8888-exec-10] DEBUG com.spoto.dao.EmpMapper.listCount - <==      Total: 1
2020-10-23 16:42:09.836 [http-nio-8888-exec-10] DEBUG com.spoto.dao.EmpMapper.getList - ==>  Preparing: SELECT * FROM emp t1
2020-10-23 16:42:09.836 [http-nio-8888-exec-10] DEBUG com.spoto.dao.EmpMapper.getList - ==> Parameters: 
2020-10-23 16:42:09.961 [http-nio-8888-exec-1] DEBUG com.spoto.dao.EmpMapper.listCount - ==>  Preparing: SELECT count(*) FROM emp t1
2020-10-23 16:42:09.961 [http-nio-8888-exec-1] DEBUG com.spoto.dao.EmpMapper.listCount - ==> Parameters: 
2020-10-23 16:42:09.962 [http-nio-8888-exec-1] DEBUG com.spoto.dao.EmpMapper.listCount - <==      Total: 1
2020-10-23 16:42:09.962 [http-nio-8888-exec-1] DEBUG com.spoto.dao.EmpMapper.getList - ==>  Preparing: SELECT * FROM emp t1
2020-10-23 16:42:09.962 [http-nio-8888-exec-1] DEBUG com.spoto.dao.EmpMapper.getList - ==> Parameters: 
2020-10-23 16:42:12.457 [http-nio-8888-exec-4] DEBUG com.spoto.dao.EmpMapper.listCount - ==>  Preparing: SELECT count(*) FROM emp t1
2020-10-23 16:42:12.458 [http-nio-8888-exec-4] DEBUG com.spoto.dao.EmpMapper.listCount - ==> Parameters: 
2020-10-23 16:42:12.459 [http-nio-8888-exec-4] DEBUG com.spoto.dao.EmpMapper.listCount - <==      Total: 1
2020-10-23 16:42:12.459 [http-nio-8888-exec-4] DEBUG com.spoto.dao.EmpMapper.getList - ==>  Preparing: SELECT * FROM emp t1
2020-10-23 16:42:12.459 [http-nio-8888-exec-4] DEBUG com.spoto.dao.EmpMapper.getList - ==> Parameters: 
2020-10-23 16:42:13.355 [http-nio-8888-exec-3] DEBUG com.spoto.dao.EmpMapper.listCount - ==>  Preparing: SELECT count(*) FROM emp t1
2020-10-23 16:42:13.355 [http-nio-8888-exec-3] DEBUG com.spoto.dao.EmpMapper.listCount - ==> Parameters: 
2020-10-23 16:42:13.356 [http-nio-8888-exec-3] DEBUG com.spoto.dao.EmpMapper.listCount - <==      Total: 1
2020-10-23 16:42:13.356 [http-nio-8888-exec-3] DEBUG com.spoto.dao.EmpMapper.getList - ==>  Preparing: SELECT * FROM emp t1
2020-10-23 16:42:13.356 [http-nio-8888-exec-3] DEBUG com.spoto.dao.EmpMapper.getList - ==> Parameters: 
2020-10-23 16:42:13.357 [http-nio-8888-exec-3] DEBUG com.spoto.dao.EmpMapper.getList - <==      Total: 16
2020-10-23 16:42:14.252 [http-nio-8888-exec-2] DEBUG com.spoto.dao.EmpMapper.listCount - ==>  Preparing: SELECT count(*) FROM emp t1
2020-10-23 16:42:14.252 [http-nio-8888-exec-2] DEBUG com.spoto.dao.EmpMapper.listCount - ==> Parameters: 
2020-10-23 16:42:14.253 [http-nio-8888-exec-2] DEBUG com.spoto.dao.EmpMapper.listCount - <==      Total: 1
2020-10-23 16:42:14.254 [http-nio-8888-exec-2] DEBUG com.spoto.dao.EmpMapper.getList - ==>  Preparing: SELECT * FROM emp t1
2020-10-23 16:42:14.254 [http-nio-8888-exec-2] DEBUG com.spoto.dao.EmpMapper.getList - ==> Parameters: 
2020-10-23 16:42:15.914 [http-nio-8888-exec-5] DEBUG com.spoto.dao.EmpMapper.listCount - ==>  Preparing: SELECT count(*) FROM emp t1
2020-10-23 16:42:15.914 [http-nio-8888-exec-5] DEBUG com.spoto.dao.EmpMapper.listCount - ==> Parameters: 
2020-10-23 16:42:15.916 [http-nio-8888-exec-5] DEBUG com.spoto.dao.EmpMapper.listCount - <==      Total: 1
2020-10-23 16:42:15.917 [http-nio-8888-exec-5] DEBUG com.spoto.dao.EmpMapper.getList - ==>  Preparing: SELECT * FROM emp t1
2020-10-23 16:42:15.917 [http-nio-8888-exec-5] DEBUG com.spoto.dao.EmpMapper.getList - ==> Parameters: 
2020-10-23 16:42:15.918 [http-nio-8888-exec-5] DEBUG com.spoto.dao.EmpMapper.getList - <==      Total: 16
2020-10-23 16:42:18.241 [http-nio-8888-exec-7] DEBUG com.spoto.dao.EmpMapper.listCount - ==>  Preparing: SELECT count(*) FROM emp t1
2020-10-23 16:42:18.241 [http-nio-8888-exec-7] DEBUG com.spoto.dao.EmpMapper.listCount - ==> Parameters: 
2020-10-23 16:42:18.241 [http-nio-8888-exec-7] DEBUG com.spoto.dao.EmpMapper.listCount - <==      Total: 1
2020-10-23 16:42:18.242 [http-nio-8888-exec-7] DEBUG com.spoto.dao.EmpMapper.getList - ==>  Preparing: SELECT * FROM emp t1
2020-10-23 16:42:18.242 [http-nio-8888-exec-7] DEBUG com.spoto.dao.EmpMapper.getList - ==> Parameters: 
2020-10-23 16:42:22.177 [http-nio-8888-exec-6] DEBUG com.spoto.dao.EmpMapper.listCount - ==>  Preparing: SELECT count(*) FROM emp t1
2020-10-23 16:42:22.177 [http-nio-8888-exec-6] DEBUG com.spoto.dao.EmpMapper.listCount - ==> Parameters: 
2020-10-23 16:42:22.178 [http-nio-8888-exec-6] DEBUG com.spoto.dao.EmpMapper.listCount - <==      Total: 1
2020-10-23 16:42:22.178 [http-nio-8888-exec-6] DEBUG com.spoto.dao.EmpMapper.getList - ==>  Preparing: SELECT * FROM emp t1
2020-10-23 16:42:22.178 [http-nio-8888-exec-6] DEBUG com.spoto.dao.EmpMapper.getList - ==> Parameters: 
2020-10-23 16:42:22.179 [http-nio-8888-exec-6] DEBUG com.spoto.dao.EmpMapper.getList - <==      Total: 16
2020-10-23 16:42:24.347 [http-nio-8888-exec-9] DEBUG com.spoto.dao.EmpMapper.del - ==>  Preparing: DELETE FROM emp WHERE id IN ( ? )
2020-10-23 16:42:24.349 [http-nio-8888-exec-9] DEBUG com.spoto.dao.EmpMapper.del - ==> Parameters: 171(Integer)
2020-10-23 16:42:24.479 [http-nio-8888-exec-9] DEBUG com.spoto.dao.EmpMapper.del - <==    Updates: 1
2020-10-23 16:42:24.745 [http-nio-8888-exec-10] DEBUG com.spoto.dao.EmpMapper.listCount - ==>  Preparing: SELECT count(*) FROM emp t1
2020-10-23 16:42:24.745 [http-nio-8888-exec-10] DEBUG com.spoto.dao.EmpMapper.listCount - ==> Parameters: 
2020-10-23 16:42:24.746 [http-nio-8888-exec-10] DEBUG com.spoto.dao.EmpMapper.listCount - <==      Total: 1
2020-10-23 16:42:24.747 [http-nio-8888-exec-10] DEBUG com.spoto.dao.EmpMapper.getList - ==>  Preparing: SELECT * FROM emp t1
2020-10-23 16:42:24.747 [http-nio-8888-exec-10] DEBUG com.spoto.dao.EmpMapper.getList - ==> Parameters: 
2020-10-23 16:42:24.747 [http-nio-8888-exec-10] DEBUG com.spoto.dao.EmpMapper.getList - <==      Total: 15
2020-10-23 16:42:26.818 [http-nio-8888-exec-1] DEBUG com.spoto.dao.EmpMapper.listCount - ==>  Preparing: SELECT count(*) FROM emp t1
2020-10-23 16:42:26.819 [http-nio-8888-exec-1] DEBUG com.spoto.dao.EmpMapper.listCount - ==> Parameters: 
2020-10-23 16:42:26.819 [http-nio-8888-exec-1] DEBUG com.spoto.dao.EmpMapper.listCount - <==      Total: 1
2020-10-23 16:42:26.820 [http-nio-8888-exec-1] DEBUG com.spoto.dao.EmpMapper.getList - ==>  Preparing: SELECT * FROM emp t1
2020-10-23 16:42:26.820 [http-nio-8888-exec-1] DEBUG com.spoto.dao.EmpMapper.getList - ==> Parameters: 
2020-10-23 16:43:30.976 [main] DEBUG c.spoto.M4day20BootApplicationTests - Running with Spring Boot v2.2.10.RELEASE, Spring v5.2.9.RELEASE
