2020-10-17 21:25:50.015 [main] DEBUG com.spoto.BootApplication - Running with Spring Boot v2.2.10.RELEASE, Spring v5.2.9.RELEASE
2020-10-17 21:27:48.388 [main] DEBUG com.spoto.BootApplication - Running with Spring Boot v2.2.10.RELEASE, Spring v5.2.9.RELEASE
2020-10-17 21:30:07.989 [http-nio-8888-exec-9] DEBUG com.spoto.dao.EmpMapper.newLogin - ==>  Preparing: SELECT count(*) FROM account WHERE username= ? AND passwd=?
2020-10-17 21:30:08.453 [http-nio-8888-exec-9] DEBUG com.spoto.dao.EmpMapper.newLogin - ==> Parameters: xx(String), 123(String)
2020-10-17 21:30:08.604 [http-nio-8888-exec-9] DEBUG com.spoto.dao.EmpMapper.newLogin - <==      Total: 1
2020-10-17 21:30:10.030 [http-nio-8888-exec-4] DEBUG com.spoto.dao.EmpMapper.listCount - ==>  Preparing: SELECT count(*) FROM emp t1
2020-10-17 21:30:10.033 [http-nio-8888-exec-4] DEBUG com.spoto.dao.EmpMapper.listCount - ==> Parameters: 
2020-10-17 21:30:10.035 [http-nio-8888-exec-4] DEBUG com.spoto.dao.EmpMapper.listCount - <==      Total: 1
2020-10-17 21:30:10.037 [http-nio-8888-exec-4] DEBUG com.spoto.dao.EmpMapper.getList - ==>  Preparing: SELECT * FROM emp t1
2020-10-17 21:30:10.038 [http-nio-8888-exec-4] DEBUG com.spoto.dao.EmpMapper.getList - ==> Parameters: 
2020-10-17 21:30:13.212 [http-nio-8888-exec-8] DEBUG com.spoto.dao.EmpMapper.listCount - ==>  Preparing: SELECT count(*) FROM emp t1
2020-10-17 21:30:13.213 [http-nio-8888-exec-8] DEBUG com.spoto.dao.EmpMapper.listCount - ==> Parameters: 
2020-10-17 21:30:13.215 [http-nio-8888-exec-8] DEBUG com.spoto.dao.EmpMapper.listCount - <==      Total: 1
2020-10-17 21:30:13.216 [http-nio-8888-exec-8] DEBUG com.spoto.dao.EmpMapper.getList - ==>  Preparing: SELECT * FROM emp t1
2020-10-17 21:30:13.216 [http-nio-8888-exec-8] DEBUG com.spoto.dao.EmpMapper.getList - ==> Parameters: 
2020-10-17 21:30:14.917 [http-nio-8888-exec-9] DEBUG com.spoto.dao.EmpMapper.listCount - ==>  Preparing: SELECT count(*) FROM emp t1
2020-10-17 21:30:14.917 [http-nio-8888-exec-9] DEBUG com.spoto.dao.EmpMapper.listCount - ==> Parameters: 
2020-10-17 21:30:14.918 [http-nio-8888-exec-9] DEBUG com.spoto.dao.EmpMapper.listCount - <==      Total: 1
2020-10-17 21:30:14.918 [http-nio-8888-exec-9] DEBUG com.spoto.dao.EmpMapper.getList - ==>  Preparing: SELECT * FROM emp t1
2020-10-17 21:30:14.919 [http-nio-8888-exec-9] DEBUG com.spoto.dao.EmpMapper.getList - ==> Parameters: 
2020-10-17 21:30:14.920 [http-nio-8888-exec-9] DEBUG com.spoto.dao.EmpMapper.getList - <==      Total: 12
2020-10-17 21:30:17.092 [http-nio-8888-exec-10] DEBUG com.spoto.dao.EmpMapper.listCount - ==>  Preparing: SELECT count(*) FROM emp t1
2020-10-17 21:30:17.092 [http-nio-8888-exec-10] DEBUG com.spoto.dao.EmpMapper.listCount - ==> Parameters: 
2020-10-17 21:30:17.092 [http-nio-8888-exec-10] DEBUG com.spoto.dao.EmpMapper.listCount - <==      Total: 1
2020-10-17 21:30:17.093 [http-nio-8888-exec-10] DEBUG com.spoto.dao.EmpMapper.getList - ==>  Preparing: SELECT * FROM emp t1
2020-10-17 21:30:17.093 [http-nio-8888-exec-10] DEBUG com.spoto.dao.EmpMapper.getList - ==> Parameters: 
2020-10-17 21:30:28.247 [http-nio-8888-exec-2] DEBUG com.spoto.dao.EmpMapper.add - ==>  Preparing: INSERT INTO emp( role, username, uname, passwd_str, status, others) VALUES (?,?,?,?,?,?)
2020-10-17 21:30:28.256 [http-nio-8888-exec-2] DEBUG com.spoto.dao.EmpMapper.add - ==> Parameters: 11(String), xx(String), 666(String), 11(String), 1111(String), 2(String)
2020-10-17 21:30:28.277 [http-nio-8888-exec-2] DEBUG com.spoto.dao.EmpMapper.add - <==    Updates: 1
2020-10-17 21:30:28.456 [http-nio-8888-exec-7] DEBUG com.spoto.dao.EmpMapper.listCount - ==>  Preparing: SELECT count(*) FROM emp t1
2020-10-17 21:30:28.456 [http-nio-8888-exec-7] DEBUG com.spoto.dao.EmpMapper.listCount - ==> Parameters: 
2020-10-17 21:30:28.457 [http-nio-8888-exec-7] DEBUG com.spoto.dao.EmpMapper.listCount - <==      Total: 1
2020-10-17 21:30:28.458 [http-nio-8888-exec-7] DEBUG com.spoto.dao.EmpMapper.getList - ==>  Preparing: SELECT * FROM emp t1
2020-10-17 21:30:28.458 [http-nio-8888-exec-7] DEBUG com.spoto.dao.EmpMapper.getList - ==> Parameters: 
2020-10-17 21:30:30.088 [http-nio-8888-exec-6] DEBUG com.spoto.dao.EmpMapper.listCount - ==>  Preparing: SELECT count(*) FROM emp t1
2020-10-17 21:30:30.088 [http-nio-8888-exec-6] DEBUG com.spoto.dao.EmpMapper.listCount - ==> Parameters: 
2020-10-17 21:30:30.089 [http-nio-8888-exec-6] DEBUG com.spoto.dao.EmpMapper.listCount - <==      Total: 1
2020-10-17 21:30:30.090 [http-nio-8888-exec-6] DEBUG com.spoto.dao.EmpMapper.getList - ==>  Preparing: SELECT * FROM emp t1
2020-10-17 21:30:30.090 [http-nio-8888-exec-6] DEBUG com.spoto.dao.EmpMapper.getList - ==> Parameters: 
2020-10-17 21:30:30.091 [http-nio-8888-exec-6] DEBUG com.spoto.dao.EmpMapper.getList - <==      Total: 13
2020-10-17 21:30:38.848 [http-nio-8888-exec-5] DEBUG com.spoto.dao.EmpMapper.listCount - ==>  Preparing: SELECT count(*) FROM emp t1
2020-10-17 21:30:38.848 [http-nio-8888-exec-5] DEBUG com.spoto.dao.EmpMapper.listCount - ==> Parameters: 
2020-10-17 21:30:38.849 [http-nio-8888-exec-5] DEBUG com.spoto.dao.EmpMapper.listCount - <==      Total: 1
2020-10-17 21:30:38.851 [http-nio-8888-exec-5] DEBUG com.spoto.dao.EmpMapper.getList - ==>  Preparing: SELECT * FROM emp t1
2020-10-17 21:30:38.852 [http-nio-8888-exec-5] DEBUG com.spoto.dao.EmpMapper.getList - ==> Parameters: 
2020-10-17 21:30:39.783 [http-nio-8888-exec-3] DEBUG com.spoto.dao.EmpMapper.listCount - ==>  Preparing: SELECT count(*) FROM emp t1
2020-10-17 21:30:39.784 [http-nio-8888-exec-3] DEBUG com.spoto.dao.EmpMapper.listCount - ==> Parameters: 
2020-10-17 21:30:39.786 [http-nio-8888-exec-3] DEBUG com.spoto.dao.EmpMapper.listCount - <==      Total: 1
2020-10-17 21:30:39.787 [http-nio-8888-exec-3] DEBUG com.spoto.dao.EmpMapper.getList - ==>  Preparing: SELECT * FROM emp t1
2020-10-17 21:30:39.787 [http-nio-8888-exec-3] DEBUG com.spoto.dao.EmpMapper.getList - ==> Parameters: 
2020-10-17 21:30:40.703 [http-nio-8888-exec-4] DEBUG com.spoto.dao.EmpMapper.listCount - ==>  Preparing: SELECT count(*) FROM emp t1
2020-10-17 21:30:40.703 [http-nio-8888-exec-4] DEBUG com.spoto.dao.EmpMapper.listCount - ==> Parameters: 
2020-10-17 21:30:40.704 [http-nio-8888-exec-4] DEBUG com.spoto.dao.EmpMapper.listCount - <==      Total: 1
2020-10-17 21:30:40.705 [http-nio-8888-exec-4] DEBUG com.spoto.dao.EmpMapper.getList - ==>  Preparing: SELECT * FROM emp t1
2020-10-17 21:30:40.705 [http-nio-8888-exec-4] DEBUG com.spoto.dao.EmpMapper.getList - ==> Parameters: 
2020-10-17 21:30:41.198 [http-nio-8888-exec-8] DEBUG com.spoto.dao.EmpMapper.listCount - ==>  Preparing: SELECT count(*) FROM emp t1
2020-10-17 21:30:41.198 [http-nio-8888-exec-8] DEBUG com.spoto.dao.EmpMapper.listCount - ==> Parameters: 
2020-10-17 21:30:41.199 [http-nio-8888-exec-8] DEBUG com.spoto.dao.EmpMapper.listCount - <==      Total: 1
2020-10-17 21:30:41.201 [http-nio-8888-exec-8] DEBUG com.spoto.dao.EmpMapper.getList - ==>  Preparing: SELECT * FROM emp t1
2020-10-17 21:30:41.201 [http-nio-8888-exec-8] DEBUG com.spoto.dao.EmpMapper.getList - ==> Parameters: 
2020-10-17 21:30:42.206 [http-nio-8888-exec-9] DEBUG com.spoto.dao.EmpMapper.listCount - ==>  Preparing: SELECT count(*) FROM emp t1
2020-10-17 21:30:42.206 [http-nio-8888-exec-9] DEBUG com.spoto.dao.EmpMapper.listCount - ==> Parameters: 
2020-10-17 21:30:42.207 [http-nio-8888-exec-9] DEBUG com.spoto.dao.EmpMapper.listCount - <==      Total: 1
2020-10-17 21:30:42.208 [http-nio-8888-exec-9] DEBUG com.spoto.dao.EmpMapper.getList - ==>  Preparing: SELECT * FROM emp t1
2020-10-17 21:30:42.208 [http-nio-8888-exec-9] DEBUG com.spoto.dao.EmpMapper.getList - ==> Parameters: 
2020-10-17 21:30:42.209 [http-nio-8888-exec-9] DEBUG com.spoto.dao.EmpMapper.getList - <==      Total: 13
2020-10-17 21:30:43.035 [http-nio-8888-exec-10] DEBUG com.spoto.dao.EmpMapper.listCount - ==>  Preparing: SELECT count(*) FROM emp t1
2020-10-17 21:30:43.035 [http-nio-8888-exec-10] DEBUG com.spoto.dao.EmpMapper.listCount - ==> Parameters: 
2020-10-17 21:30:43.036 [http-nio-8888-exec-10] DEBUG com.spoto.dao.EmpMapper.listCount - <==      Total: 1
2020-10-17 21:30:43.037 [http-nio-8888-exec-10] DEBUG com.spoto.dao.EmpMapper.getList - ==>  Preparing: SELECT * FROM emp t1
2020-10-17 21:30:43.058 [http-nio-8888-exec-10] DEBUG com.spoto.dao.EmpMapper.getList - ==> Parameters: 
2020-10-17 21:30:43.763 [http-nio-8888-exec-2] DEBUG com.spoto.dao.EmpMapper.listCount - ==>  Preparing: SELECT count(*) FROM emp t1
2020-10-17 21:30:43.763 [http-nio-8888-exec-2] DEBUG com.spoto.dao.EmpMapper.listCount - ==> Parameters: 
2020-10-17 21:30:43.766 [http-nio-8888-exec-2] DEBUG com.spoto.dao.EmpMapper.listCount - <==      Total: 1
2020-10-17 21:30:43.767 [http-nio-8888-exec-2] DEBUG com.spoto.dao.EmpMapper.getList - ==>  Preparing: SELECT * FROM emp t1
2020-10-17 21:30:43.767 [http-nio-8888-exec-2] DEBUG com.spoto.dao.EmpMapper.getList - ==> Parameters: 
2020-10-17 21:32:56.275 [main] DEBUG com.spoto.BootApplication - Running with Spring Boot v2.2.10.RELEASE, Spring v5.2.9.RELEASE
2020-10-17 21:47:39.096 [main] DEBUG com.spoto.BootApplication - Running with Spring Boot v2.2.10.RELEASE, Spring v5.2.9.RELEASE
2020-10-17 21:51:06.340 [main] DEBUG com.spoto.BootApplication - Running with Spring Boot v2.2.10.RELEASE, Spring v5.2.9.RELEASE
2020-10-17 21:56:24.611 [main] DEBUG com.spoto.BootApplication - Running with Spring Boot v2.2.10.RELEASE, Spring v5.2.9.RELEASE
2020-10-17 22:48:52.953 [main] DEBUG com.spoto.BootApplication - Running with Spring Boot v2.2.10.RELEASE, Spring v5.2.9.RELEASE
2020-10-17 23:04:46.718 [http-nio-8888-exec-7] DEBUG com.spoto.dao.EmpMapper.newLogin - ==>  Preparing: SELECT count(*) FROM account WHERE username= ? AND passwd=?
2020-10-17 23:04:47.400 [http-nio-8888-exec-7] DEBUG com.spoto.dao.EmpMapper.newLogin - ==> Parameters: xx(String), 123(String)
2020-10-17 23:04:47.586 [http-nio-8888-exec-7] DEBUG com.spoto.dao.EmpMapper.newLogin - <==      Total: 1
2020-10-17 23:04:49.672 [http-nio-8888-exec-4] DEBUG com.spoto.dao.EmpMapper.listCount - ==>  Preparing: SELECT count(*) FROM emp t1
2020-10-17 23:04:49.675 [http-nio-8888-exec-4] DEBUG com.spoto.dao.EmpMapper.listCount - ==> Parameters: 
2020-10-17 23:04:49.679 [http-nio-8888-exec-4] DEBUG com.spoto.dao.EmpMapper.listCount - <==      Total: 1
2020-10-17 23:04:49.689 [http-nio-8888-exec-4] DEBUG com.spoto.dao.EmpMapper.getList - ==>  Preparing: SELECT * FROM emp t1
2020-10-17 23:04:49.689 [http-nio-8888-exec-4] DEBUG com.spoto.dao.EmpMapper.getList - ==> Parameters: 
2020-10-17 23:06:31.942 [http-nio-8888-exec-7] DEBUG com.spoto.dao.EmpMapper.newLogin - ==>  Preparing: SELECT count(*) FROM account WHERE username= ? AND passwd=?
2020-10-17 23:06:31.942 [http-nio-8888-exec-7] DEBUG com.spoto.dao.EmpMapper.newLogin - ==> Parameters: xx(String), 123(String)
2020-10-17 23:06:31.944 [http-nio-8888-exec-7] DEBUG com.spoto.dao.EmpMapper.newLogin - <==      Total: 1
2020-10-17 23:06:33.137 [http-nio-8888-exec-6] DEBUG com.spoto.dao.EmpMapper.listCount - ==>  Preparing: SELECT count(*) FROM emp t1
2020-10-17 23:06:33.138 [http-nio-8888-exec-6] DEBUG com.spoto.dao.EmpMapper.listCount - ==> Parameters: 
2020-10-17 23:06:33.139 [http-nio-8888-exec-6] DEBUG com.spoto.dao.EmpMapper.listCount - <==      Total: 1
2020-10-17 23:06:33.140 [http-nio-8888-exec-6] DEBUG com.spoto.dao.EmpMapper.getList - ==>  Preparing: SELECT * FROM emp t1
2020-10-17 23:06:33.140 [http-nio-8888-exec-6] DEBUG com.spoto.dao.EmpMapper.getList - ==> Parameters: 
2020-10-17 23:06:47.009 [http-nio-8888-exec-1] DEBUG com.spoto.dao.EmpMapper.newLogin - ==>  Preparing: SELECT count(*) FROM account WHERE username= ? AND passwd=?
2020-10-17 23:06:47.009 [http-nio-8888-exec-1] DEBUG com.spoto.dao.EmpMapper.newLogin - ==> Parameters: 赵江龙(String), 123(String)
2020-10-17 23:06:47.010 [http-nio-8888-exec-1] DEBUG com.spoto.dao.EmpMapper.newLogin - <==      Total: 1
2020-10-17 23:06:48.224 [http-nio-8888-exec-2] DEBUG com.spoto.dao.EmpMapper.listCount - ==>  Preparing: SELECT count(*) FROM emp t1
2020-10-17 23:06:48.225 [http-nio-8888-exec-2] DEBUG com.spoto.dao.EmpMapper.listCount - ==> Parameters: 
2020-10-17 23:06:48.226 [http-nio-8888-exec-2] DEBUG com.spoto.dao.EmpMapper.listCount - <==      Total: 1
2020-10-17 23:06:48.227 [http-nio-8888-exec-2] DEBUG com.spoto.dao.EmpMapper.getList - ==>  Preparing: SELECT * FROM emp t1
2020-10-17 23:06:48.227 [http-nio-8888-exec-2] DEBUG com.spoto.dao.EmpMapper.getList - ==> Parameters: 
2020-10-17 23:12:48.530 [main] DEBUG com.spoto.BootApplication - Running with Spring Boot v2.2.10.RELEASE, Spring v5.2.9.RELEASE
